\BOOKMARK [0][-]{Doc-Start}{Abstract}{}% 1
\BOOKMARK [0][-]{chapter.1}{Introduction}{}% 2
\BOOKMARK [1][-]{section.1.1}{\300 propos}{chapter.1}% 3
\BOOKMARK [1][-]{section.1.2}{Structure}{chapter.1}% 4
\BOOKMARK [1][-]{section.1.3}{MaxMSP et Jitter}{chapter.1}% 5
\BOOKMARK [1][-]{section.1.4}{Analyse spectrale}{chapter.1}% 6
\BOOKMARK [1][-]{section.1.5}{Morphing}{chapter.1}% 7
\BOOKMARK [2][-]{subsection.1.5.1}{Morphing sonore}{section.1.5}% 8
\BOOKMARK [2][-]{subsection.1.5.2}{Morphing visuel}{section.1.5}% 9
\BOOKMARK [0][-]{chapter.2}{Context th\351oritique}{}% 10
\BOOKMARK [1][-]{section.2.1}{Introduction}{chapter.2}% 11
\BOOKMARK [1][-]{section.2.2}{Le d\351codage math\351matique}{chapter.2}% 12
\BOOKMARK [2][-]{subsection.2.2.1}{La transformation Fourier}{section.2.2}% 13
\BOOKMARK [2][-]{subsection.2.2.2}{Fen\352trage et filtres Gabor}{section.2.2}% 14
\BOOKMARK [2][-]{subsection.2.2.3}{Le vocodeur de phase}{section.2.2}% 15
\BOOKMARK [2][-]{subsection.2.2.4}{Applications du vocodeur de phase}{section.2.2}% 16
\BOOKMARK [0][-]{chapter.3}{Design}{}% 17
\BOOKMARK [1][-]{section.3.1}{MaxMSP}{chapter.3}% 18
\BOOKMARK [1][-]{section.3.2}{Pitch tracking}{chapter.3}% 19
\BOOKMARK [1][-]{section.3.3}{Analyse spectrale}{chapter.3}% 20
\BOOKMARK [1][-]{section.3.4}{Le vocodeur de phase}{chapter.3}% 21
\BOOKMARK [1][-]{section.3.5}{Morphing spectrale}{chapter.3}% 22
\BOOKMARK [1][-]{section.3.6}{Morphing visuel}{chapter.3}% 23
\BOOKMARK [0][-]{chapter.4}{Impl\351mentations artistiques}{}% 24
\BOOKMARK [1][-]{section.4.1}{Introduction}{chapter.4}% 25
\BOOKMARK [1][-]{section.4.2}{Le vocodeur de phase - Une capacit\351 sans fin}{chapter.4}% 26
\BOOKMARK [0][-]{chapter.5}{Conclusion}{}% 27
\BOOKMARK [1][-]{section.5.1}{R\351sum\351 de la recherche}{chapter.5}% 28
\BOOKMARK [1][-]{section.5.2}{Applications}{chapter.5}% 29
\BOOKMARK [1][-]{section.5.3}{Recherche pour l'avenir}{chapter.5}% 30
