\BOOKMARK [0][-]{Doc-Start}{Abstract}{}% 1
\BOOKMARK [0][-]{chapter.1}{Introduction}{}% 2
\BOOKMARK [1][-]{section.1.1}{About}{chapter.1}% 3
\BOOKMARK [2][-]{subsection.1.1.1}{Implementation Tools}{section.1.1}% 4
\BOOKMARK [1][-]{section.1.2}{Structure}{chapter.1}% 5
\BOOKMARK [1][-]{section.1.3}{MaxMSP et Jitter}{chapter.1}% 6
\BOOKMARK [1][-]{section.1.4}{Spectral Analysis}{chapter.1}% 7
\BOOKMARK [2][-]{subsection.1.4.1}{History}{section.1.4}% 8
\BOOKMARK [2][-]{subsection.1.4.2}{The Phase Vocoder}{section.1.4}% 9
\BOOKMARK [1][-]{section.1.5}{Morphing}{chapter.1}% 10
\BOOKMARK [2][-]{subsection.1.5.1}{Sound Morphing}{section.1.5}% 11
\BOOKMARK [2][-]{subsection.1.5.2}{Visual Morphing}{section.1.5}% 12
\BOOKMARK [0][-]{chapter.2}{Context th\351oritique}{}% 13
\BOOKMARK [1][-]{section.2.1}{Introduction}{chapter.2}% 14
\BOOKMARK [1][-]{section.2.2}{Mathematical Decoding}{chapter.2}% 15
\BOOKMARK [2][-]{subsection.2.2.1}{The Fourier Transform}{section.2.2}% 16
\BOOKMARK [2][-]{subsection.2.2.2}{Windowing}{section.2.2}% 17
\BOOKMARK [2][-]{subsection.2.2.3}{Le vocodeur de phase}{section.2.2}% 18
\BOOKMARK [2][-]{subsection.2.2.4}{Applications du vocodeur de phase}{section.2.2}% 19
\BOOKMARK [0][-]{chapter.3}{Design}{}% 20
\BOOKMARK [1][-]{section.3.1}{MaxMSP Objects}{chapter.3}% 21
\BOOKMARK [1][-]{section.3.2}{Pitch tracking}{chapter.3}% 22
\BOOKMARK [2][-]{subsection.3.2.1}{Multiple Pitch Tracking}{section.3.2}% 23
\BOOKMARK [1][-]{section.3.3}{Le vocodeur de phase}{chapter.3}% 24
\BOOKMARK [1][-]{section.3.4}{Morphing spectrale}{chapter.3}% 25
\BOOKMARK [0][-]{chapter.4}{Impl\351mentations artistiques}{}% 26
\BOOKMARK [1][-]{section.4.1}{Introduction}{chapter.4}% 27
\BOOKMARK [1][-]{section.4.2}{Le vocodeur de phase - Une capacit\351 sans fin}{chapter.4}% 28
\BOOKMARK [2][-]{subsection.4.2.1}{Super Phase Vocoder}{section.4.2}% 29
\BOOKMARK [2][-]{subsection.4.2.2}{Phase interference}{section.4.2}% 30
\BOOKMARK [2][-]{subsection.4.2.3}{Modulation au bruit}{section.4.2}% 31
\BOOKMARK [2][-]{subsection.4.2.4}{Filtre aletoire sur la position du buffer}{section.4.2}% 32
\BOOKMARK [1][-]{section.4.3}{Morphing visuel}{chapter.4}% 33
\BOOKMARK [2][-]{subsection.4.3.1}{Visualization du spectre}{section.4.3}% 34
\BOOKMARK [0][-]{chapter.5}{Conclusion}{}% 35
\BOOKMARK [1][-]{section.5.1}{R\351sum\351 de la recherche}{chapter.5}% 36
\BOOKMARK [1][-]{section.5.2}{Applications}{chapter.5}% 37
\BOOKMARK [1][-]{section.5.3}{Discussion}{chapter.5}% 38
\BOOKMARK [1][-]{section.5.4}{Recherche pour l'avenir}{chapter.5}% 39
\BOOKMARK [0][-]{chapter.1}{Appendix}{}% 40
\BOOKMARK [1][-]{section.1.1}{FFT Cooley - Tukey algorithm}{chapter.1}% 41
\BOOKMARK [1][-]{section.1.2}{Espaces Lp et STFT}{chapter.1}% 42
