\BOOKMARK [0][-]{Doc-Start}{Abstract}{}% 1
\BOOKMARK [0][-]{chapter.1}{Introduction}{}% 2
\BOOKMARK [1][-]{section.1.1}{\300 propos}{chapter.1}% 3
\BOOKMARK [2][-]{subsection.1.1.1}{Outils de la r\351alisation}{section.1.1}% 4
\BOOKMARK [1][-]{section.1.2}{Structure}{chapter.1}% 5
\BOOKMARK [1][-]{section.1.3}{Max, MSP et Jitter}{chapter.1}% 6
\BOOKMARK [1][-]{section.1.4}{Histoire}{chapter.1}% 7
\BOOKMARK [2][-]{subsection.1.4.1}{Analyse spectrale}{section.1.4}% 8
\BOOKMARK [2][-]{subsection.1.4.2}{Le vocodeur de phase}{section.1.4}% 9
\BOOKMARK [1][-]{section.1.5}{Morphing}{chapter.1}% 10
\BOOKMARK [2][-]{subsection.1.5.1}{Morphing sonore}{section.1.5}% 11
\BOOKMARK [2][-]{subsection.1.5.2}{Morphing visuel}{section.1.5}% 12
\BOOKMARK [0][-]{chapter.2}{Contexte th\351orique}{}% 13
\BOOKMARK [1][-]{section.2.1}{Introduction}{chapter.2}% 14
\BOOKMARK [1][-]{section.2.2}{D\351codage math\351matique}{chapter.2}% 15
\BOOKMARK [2][-]{subsection.2.2.1}{La transformation de Fourier}{section.2.2}% 16
\BOOKMARK [2][-]{subsection.2.2.2}{Fen\352trage}{section.2.2}% 17
\BOOKMARK [2][-]{subsection.2.2.3}{Le vocodeur de phase}{section.2.2}% 18
\BOOKMARK [2][-]{subsection.2.2.4}{Applications du vocodeur de phase}{section.2.2}% 19
\BOOKMARK [0][-]{chapter.3}{Design}{}% 20
\BOOKMARK [1][-]{section.3.1}{Objets Max}{chapter.3}% 21
\BOOKMARK [1][-]{section.3.2}{D\351tection du pitch}{chapter.3}% 22
\BOOKMARK [2][-]{subsection.3.2.1}{D\351tection des pitchs multiples}{section.3.2}% 23
\BOOKMARK [1][-]{section.3.3}{Le vocodeur de phase}{chapter.3}% 24
\BOOKMARK [1][-]{section.3.4}{Morphing spectrale}{chapter.3}% 25
\BOOKMARK [0][-]{chapter.4}{Impl\351mentations artistiques}{}% 26
\BOOKMARK [1][-]{section.4.1}{Introduction}{chapter.4}% 27
\BOOKMARK [1][-]{section.4.2}{Le vocodeur de phase - Une capacit\351 sans fin}{chapter.4}% 28
\BOOKMARK [2][-]{subsection.4.2.1}{Super Phase Vocoder}{section.4.2}% 29
\BOOKMARK [2][-]{subsection.4.2.2}{l'interf\351rence de phase}{section.4.2}% 30
\BOOKMARK [2][-]{subsection.4.2.3}{Modulation au bruit}{section.4.2}% 31
\BOOKMARK [2][-]{subsection.4.2.4}{Filtre al\351atoire sur la position du buffer}{section.4.2}% 32
\BOOKMARK [2][-]{subsection.4.2.5}{Robotisation}{section.4.2}% 33
\BOOKMARK [1][-]{section.4.3}{Morphing visuel}{chapter.4}% 34
\BOOKMARK [2][-]{subsection.4.3.1}{Visualisation du spectre}{section.4.3}% 35
\BOOKMARK [1][-]{section.4.4}{La mise en \234uvre compositionnelle}{chapter.4}% 36
\BOOKMARK [2][-]{subsection.4.4.1}{L'\351valuation artistique}{section.4.4}% 37
\BOOKMARK [0][-]{chapter.5}{Conclusion}{}% 38
\BOOKMARK [1][-]{section.5.1}{R\351sum\351 de la recherche}{chapter.5}% 39
\BOOKMARK [1][-]{section.5.2}{Applications}{chapter.5}% 40
\BOOKMARK [1][-]{section.5.3}{Discussion}{chapter.5}% 41
\BOOKMARK [1][-]{section.5.4}{Recherche pour l'avenir}{chapter.5}% 42
\BOOKMARK [0][-]{chapter.1}{Appendix}{}% 43
\BOOKMARK [1][-]{section.1.1}{FFT Cooley - Tukey algorithm}{chapter.1}% 44
